0 info it worked if it ends with ok
1 verbose cli [ 'C:\\Program Files\\nodejs\\node.exe',
1 verbose cli   'C:\\Program Files\\nodejs\\node_modules\\npm\\bin\\npm-cli.js',
1 verbose cli   'run',
1 verbose cli   'devCustom' ]
2 info using npm@3.10.10
3 info using node@v7.3.0
4 verbose run-script [ 'predevCustom', 'devCustom', 'postdevCustom' ]
5 info lifecycle next-sample@1.0.0~predevCustom: next-sample@1.0.0
6 silly lifecycle next-sample@1.0.0~predevCustom: no script for predevCustom, continuing
7 info lifecycle next-sample@1.0.0~devCustom: next-sample@1.0.0
8 verbose lifecycle next-sample@1.0.0~devCustom: unsafe-perm in lifecycle true
9 verbose lifecycle next-sample@1.0.0~devCustom: PATH: C:\Program Files\nodejs\node_modules\npm\bin\node-gyp-bin;C:\node-apps\next-sample\node_modules\.bin;C:\ProgramData\Oracle\Java\javapath;C:\WINDOWS\system32;C:\WINDOWS;C:\WINDOWS\System32\Wbem;C:\WINDOWS\System32\WindowsPowerShell\v1.0\;C:\Program Files (x86)\Skype\Phone\;C:\Program Files\Git\cmd;C:\Program Files\Microsoft SQL Server\120\Tools\Binn\;C:\Program Files (x86)\Microsoft ASP.NET\ASP.NET Web Pages\v1.0\;C:\Program Files\Microsoft SQL Server\110\Tools\Binn\;C:\Program Files\Microsoft\Web Platform Installer\;C:\Program Files\Microsoft SQL Server\120\DTS\Binn\;C:\Program Files\Microsoft SQL Server\Client SDK\ODBC\110\Tools\Binn\;C:\Program Files (x86)\Microsoft SQL Server\120\Tools\Binn\;C:\Program Files (x86)\Microsoft SQL Server\120\Tools\Binn\ManagementStudio\;C:\Program Files (x86)\Microsoft SQL Server\120\DTS\Binn\;C:\Program Files (x86)\GtkSharp\2.12\bin;C:\wamp64\bin\php\php5.6.16;C:\ProgramData\chocolatey\bin;C:\Program Files\Java\jdk1.8.0_74\bin;C:\Users\Alexisvt\AppData\Local\Android\android-sdk\platform-tools\adb.exe;C:\Program Files (x86)\NVIDIA Corporation\PhysX\Common;C:\Program Files\Microsoft SQL Server\130\Tools\Binn\;C:\Program Files (x86)\Microsoft SQL Server\110\DTS\Binn\;C:\Program Files (x86)\Microsoft SQL Server\130\DTS\Binn\;C:\Program Files\Microsoft SQL Server\Client SDK\ODBC\130\Tools\Binn\;C:\Program Files (x86)\Microsoft SQL Server\130\Tools\Binn\;C:\Program Files\Microsoft SQL Server\130\DTS\Binn\;C:\Program Files (x86)\Microsoft Emulator Manager\1.0\;C:\Program Files (x86)\Windows Kits\10\Windows Performance Toolkit\;C:\WINDOWS\system32;C:\WINDOWS;C:\WINDOWS\System32\Wbem;C:\WINDOWS\System32\WindowsPowerShell\v1.0\;c:\Program Files (x86)\Microsoft SQL Server\90\Tools\binn\;c:\Program Files (x86)\Microsoft Visual Studio 8\Common7\IDE\PrivateAssemblies\;c:\Program Files (x86)\Microsoft SQL Server\90\DTS\Binn\;c:\Program Files (x86)\Microsoft SQL Server\90\Tools\Binn\VSShell\Common7\IDE\;C:\Python27;C:\Program Files\dotnet\;C:\ProgramData\ComposerSetup\bin;C:\HashiCorp\Vagrant\bin;C:\Program Files (x86)\Pandoc\;C:\Program Files (x86)\Clean Project\;C:\Program Files\nodejs\;C:\Ruby193\bin;C:\Ruby22\bin;C:\Users\Alexisvt\.dnx\bin;C:\wamp64\bin\php\php5.6.16;C:\Users\Alexisvt\AppData\Local\Pandoc\;C:\Program Files (x86)\Diffuse;C:\Users\Alexisvt\AppData\Local\nylas\bin;C:\Users\Alexisvt\AppData\Local\Android\android-sdk\tools;C:\Users\Alexisvt\AppData\Local\Microsoft\WindowsApps;C:\Users\Alexisvt\AppData\Local\Android\android-sdk\platform-tools;C:\Users\Alexisvt\AppData\Local\atom\bin;C:\Users\Alexisvt\AppData\Roaming\Composer\vendor\bin;C:\vim\vim80\vim80\vim.exe\vim80;C:\Program Files (x86)\Microsoft VS Code\bin;C:\Users\Alexisvt\AppData\Roaming\npm
10 verbose lifecycle next-sample@1.0.0~devCustom: CWD: C:\node-apps\next-sample
11 silly lifecycle next-sample@1.0.0~devCustom: Args: [ '/d /s /c', 'node server.js' ]
12 verbose stack Error: kill ENOSYS
12 verbose stack     at exports._errnoException (util.js:1022:11)
12 verbose stack     at process.kill (internal/process.js:173:13)
12 verbose stack     at process.listener (C:\Program Files\nodejs\node_modules\npm\node_modules\npmlog\node_modules\gauge\node_modules\signal-exit\index.js:86:15)
12 verbose stack     at emitNone (events.js:91:20)
12 verbose stack     at process.emit (events.js:185:7)
12 verbose stack     at processEmit (C:\Program Files\nodejs\node_modules\npm\node_modules\npmlog\node_modules\gauge\node_modules\signal-exit\index.js:146:32)
12 verbose stack     at processEmit (C:\Program Files\nodejs\node_modules\npm\node_modules\npm-registry-client\node_modules\npmlog\node_modules\gauge\node_modules\signal-exit\index.js:146:32)
12 verbose stack     at Signal.wrap.onsignal (internal/process.js:200:44)
13 verbose cwd C:\node-apps\next-sample
14 error Windows_NT 10.0.14393
15 error argv "C:\\Program Files\\nodejs\\node.exe" "C:\\Program Files\\nodejs\\node_modules\\npm\\bin\\npm-cli.js" "run" "devCustom"
16 error node v7.3.0
17 error npm  v3.10.10
18 error code ENOSYS
19 error errno ENOSYS
20 error syscall kill
21 error kill ENOSYS
22 error If you need help, you may report this error at:
22 error     <https://github.com/npm/npm/issues>
23 verbose exit [ 1, true ]
