0 info it worked if it ends with ok
1 verbose cli [ 'C:\\Program Files\\iojs\\node.exe',
1 verbose cli   'C:\\Program Files\\iojs\\node_modules\\npm\\bin\\npm-cli.js',
1 verbose cli   'publish',
1 verbose cli   './' ]
2 info using npm@2.7.6
3 info using node@v1.7.1
4 verbose publish [ './' ]
5 silly cache add args [ './', null ]
6 verbose cache add spec ./
7 silly cache add parsed spec { raw: './',
7 silly cache add   scope: null,
7 silly cache add   name: null,
7 silly cache add   rawSpec: './',
7 silly cache add   spec: 'C:\\Users\\OSI-7\\Documents\\Test Enviroments\\Node\\NodeModuleSystem',
7 silly cache add   type: 'directory' }
8 verbose addLocalDirectory C:\Users\OSI-7\AppData\Roaming\npm-cache\colors-test\1.0.0\package.tgz not in flight; packing
9 verbose tar pack [ 'C:\\Users\\OSI-7\\AppData\\Roaming\\npm-cache\\colors-test\\1.0.0\\package.tgz',
9 verbose tar pack   'C:\\Users\\OSI-7\\Documents\\Test Enviroments\\Node\\NodeModuleSystem' ]
10 verbose tarball C:\Users\OSI-7\AppData\Roaming\npm-cache\colors-test\1.0.0\package.tgz
11 verbose folder C:\Users\OSI-7\Documents\Test Enviroments\Node\NodeModuleSystem
12 info prepublish colors-test@1.0.0
13 verbose addLocalTarball adding from inside cache C:\Users\OSI-7\AppData\Roaming\npm-cache\colors-test\1.0.0\package.tgz
14 silly cache afterAdd colors-test@1.0.0
15 verbose afterAdd C:\Users\OSI-7\AppData\Roaming\npm-cache\colors-test\1.0.0\package\package.json not in flight; writing
16 verbose afterAdd C:\Users\OSI-7\AppData\Roaming\npm-cache\colors-test\1.0.0\package\package.json written
17 silly publish { name: 'colors-test',
17 silly publish   version: '1.0.0',
17 silly publish   description: 'An example program using the colors module.',
17 silly publish   main: 'colors-test.js',
17 silly publish   scripts:
17 silly publish    { test: 'echo "Error: no test specified" && exit 1',
17 silly publish      start: 'node colors-test.js' },
17 silly publish   author: { name: 'Alexis', email: 'alexisvt@gmail.com' },
17 silly publish   license: 'BSD',
17 silly publish   dependencies: { colors: '^1.0.3' },
17 silly publish   readme: 'ERROR: No README data found!',
17 silly publish   _id: 'colors-test@1.0.0',
17 silly publish   _shasum: '1ca73d66076f1d31f5cba2c5c7463c2682f5967c',
17 silly publish   _from: '.' }
18 silly mapToRegistry name colors-test
19 silly mapToRegistry using default registry
20 silly mapToRegistry registry https://registry.npmjs.org/
21 silly mapToRegistry uri https://registry.npmjs.org/colors-test
22 verbose publish registryBase https://registry.npmjs.org/
23 silly publish uploading C:\Users\OSI-7\AppData\Roaming\npm-cache\colors-test\1.0.0\package.tgz
24 verbose request uri https://registry.npmjs.org/colors-test
25 verbose request sending authorization for write operation
26 info attempt registry request try #1 at 16:07:07
27 verbose request using bearer token for auth
28 verbose request id 403664f1241212b4
29 http request PUT https://registry.npmjs.org/colors-test
30 http 404 https://registry.npmjs.org/colors-test
31 verbose headers { date: 'Fri, 17 Apr 2015 22:07:05 GMT',
31 verbose headers   server: 'Apache',
31 verbose headers   'content-type': 'application/json',
31 verbose headers   'cache-control': 'max-age=0',
31 verbose headers   'content-length': '21',
31 verbose headers   'accept-ranges': 'bytes',
31 verbose headers   via: '1.1 varnish',
31 verbose headers   'x-served-by': 'cache-iad2146-IAD',
31 verbose headers   'x-cache': 'MISS',
31 verbose headers   'x-cache-hits': '0',
31 verbose headers   'x-timer': 'S1429308425.208098,VS0,VE328',
31 verbose headers   'keep-alive': 'timeout=10, max=50',
31 verbose headers   connection: 'Keep-Alive' }
32 verbose request invalidating C:\Users\OSI-7\AppData\Roaming\npm-cache\registry.npmjs.org\colors-test on PUT
33 error publish Failed PUT 404
34 verbose stack Error: Not found : colors-test
34 verbose stack     at CachingRegistryClient.<anonymous> (C:\Program Files\iojs\node_modules\npm\node_modules\npm-registry-client\lib\request.js:247:14)
34 verbose stack     at Request._callback (C:\Program Files\iojs\node_modules\npm\node_modules\npm-registry-client\lib\request.js:170:14)
34 verbose stack     at Request.self.callback (C:\Program Files\iojs\node_modules\npm\node_modules\request\request.js:360:22)
34 verbose stack     at emitTwo (events.js:87:13)
34 verbose stack     at Request.emit (events.js:169:7)
34 verbose stack     at Request.<anonymous> (C:\Program Files\iojs\node_modules\npm\node_modules\request\request.js:1202:14)
34 verbose stack     at emitOne (events.js:82:20)
34 verbose stack     at Request.emit (events.js:166:7)
34 verbose stack     at IncomingMessage.<anonymous> (C:\Program Files\iojs\node_modules\npm\node_modules\request\request.js:1150:12)
34 verbose stack     at emitNone (events.js:72:20)
35 verbose statusCode 404
36 verbose pkgid colors-test
37 verbose cwd C:\Users\OSI-7\Documents\Test Enviroments\Node\NodeModuleSystem
38 error Windows_NT 6.1.7601
39 error argv "C:\\Program Files\\iojs\\node.exe" "C:\\Program Files\\iojs\\node_modules\\npm\\bin\\npm-cli.js" "publish" "./"
40 error node v1.7.1
41 error npm  v2.7.6
42 error code E404
43 error 404 Not found : colors-test
43 error 404
43 error 404 'colors-test' is not in the npm registry.
43 error 404 You should bug the author to publish it (or use the name yourself!)
43 error 404
43 error 404 Note that you can also install from a
43 error 404 tarball, folder, http url, or git url.
44 verbose exit [ 1, true ]
